[
{
  "elements": [
    {
      "keyword": "Scenario Outline", 
      "location": "features/search.feature:12", 
      "name": "check the most post title of the subreddit -- @1.1 ", 
      "status": "passed", 
      "steps": [
        {
          "keyword": "Given", 
          "location": "features/search.feature:5", 
          "match": {
            "arguments": [], 
            "location": "features/steps/steps.py:11"
          }, 
          "name": "the app is launched", 
          "result": {
            "duration": 7.95646595954895, 
            "status": "passed"
          }, 
          "step_type": "given"
        }, 
        {
          "keyword": "When", 
          "location": "features/search.feature:6", 
          "match": {
            "arguments": [
              {
                "name": "searchedterm", 
                "value": "gaming"
              }
            ], 
            "location": "features/steps/steps.py:22"
          }, 
          "name": "\"gaming\" is entered", 
          "result": {
            "duration": 14.118764877319336, 
            "status": "passed"
          }, 
          "step_type": "when"
        }, 
        {
          "keyword": "Then", 
          "location": "features/search.feature:7", 
          "match": {
            "arguments": [
              {
                "name": "searchedterm", 
                "value": "gaming"
              }
            ], 
            "location": "features/steps/steps.py:29"
          }, 
          "name": "should be able to see the \"gaming\" results", 
          "result": {
            "duration": 3.326241970062256, 
            "status": "passed"
          }, 
          "step_type": "then"
        }, 
        {
          "keyword": "When", 
          "location": "features/search.feature:8", 
          "match": {
            "arguments": [
              {
                "name": "searchedterm", 
                "value": "gaming"
              }
            ], 
            "location": "features/steps/steps.py:34"
          }, 
          "name": "tap on the \"gaming\" in the searched result list", 
          "result": {
            "duration": 5.750079154968262, 
            "status": "passed"
          }, 
          "step_type": "when"
        }, 
        {
          "keyword": "Then", 
          "location": "features/search.feature:9", 
          "match": {
            "arguments": [], 
            "location": "features/steps/steps.py:40"
          }, 
          "name": "should be able to save the most recent posted title", 
          "result": {
            "duration": 0.13997197151184082, 
            "status": "passed"
          }, 
          "step_type": "then"
        }
      ], 
      "tags": [], 
      "type": "scenario"
    }
  ], 
  "keyword": "Feature", 
  "location": "features/search.feature:2", 
  "name": "Check the Search result in subreddit", 
  "status": "passed", 
  "tags": [
    "Android"
  ]
}
]
